------------------------------------------------------------
/usr/local/bin/pip run on Wed Mar  8 14:37:09 2017
Downloading/unpacking setup.py
  Getting page https://pypi.python.org/simple/setup.py/
  Could not fetch URL https://pypi.python.org/simple/setup.py/: 404 Client Error: Not Found
  Will skip URL https://pypi.python.org/simple/setup.py/ when looking for download links for setup.py
  Getting page https://pypi.python.org/simple/
Cleaning up...
  Removing temporary dir /tmp/pip_build_root...
Operation cancelled by user
Exception information:
Traceback (most recent call last):
  File "/usr/lib/python3/dist-packages/pip/basecommand.py", line 122, in main
    status = self.run(options, args)
  File "/usr/lib/python3/dist-packages/pip/commands/install.py", line 278, in run
    requirement_set.prepare_files(finder, force_root_egg_info=self.bundle, bundle=self.bundle)
  File "/usr/lib/python3/dist-packages/pip/req.py", line 1178, in prepare_files
    url = finder.find_requirement(req_to_install, upgrade=self.upgrade)
  File "/usr/lib/python3/dist-packages/pip/index.py", line 196, in find_requirement
    url_name = self._find_url_name(Link(self.index_urls[0], trusted=True), url_name, req) or req.url_name
  File "/usr/lib/python3/dist-packages/pip/index.py", line 361, in _find_url_name
    page = self._get_page(index_url, req)
  File "/usr/lib/python3/dist-packages/pip/index.py", line 568, in _get_page
    session=self.session,
  File "/usr/lib/python3/dist-packages/pip/index.py", line 688, in get_page
    inst = cls(resp.text, resp.url, resp.headers, trusted=link.trusted)
  File "/usr/lib/python3/dist-packages/pip/index.py", line 612, in __init__
    self.parsed = html5lib.parse(self.content, namespaceHTMLElements=False)
  File "/usr/share/python-wheels/html5lib-0.999-py2.py3-none-any.whl/html5lib/html5parser.py", line 28, in parse
    return p.parse(doc, encoding=encoding)
  File "/usr/share/python-wheels/html5lib-0.999-py2.py3-none-any.whl/html5lib/html5parser.py", line 224, in parse
    parseMeta=parseMeta, useChardet=useChardet)
  File "/usr/share/python-wheels/html5lib-0.999-py2.py3-none-any.whl/html5lib/html5parser.py", line 93, in _parse
    self.mainLoop()
  File "/usr/share/python-wheels/html5lib-0.999-py2.py3-none-any.whl/html5lib/html5parser.py", line 187, in mainLoop
    new_token = phase.processStartTag(new_token)
  File "/usr/share/python-wheels/html5lib-0.999-py2.py3-none-any.whl/html5lib/html5parser.py", line 468, in processStartTag
    return self.startTagHandler[token["name"]](token)
  File "/usr/share/python-wheels/html5lib-0.999-py2.py3-none-any.whl/html5lib/html5parser.py", line 1098, in startTagA
    self.addFormattingElement(token)
  File "/usr/share/python-wheels/html5lib-0.999-py2.py3-none-any.whl/html5lib/html5parser.py", line 947, in addFormattingElement
    self.tree.insertElement(token)
  File "/usr/share/python-wheels/html5lib-0.999-py2.py3-none-any.whl/html5lib/treebuilders/_base.py", line 291, in insertElementNormal
    element.attributes = token["data"]
  File "/usr/share/python-wheels/html5lib-0.999-py2.py3-none-any.whl/html5lib/treebuilders/etree.py", line 64, in _setAttributes
    for key in list(self._element.attrib.keys()):
KeyboardInterrupt
